<?xml version="1.0" encoding="UTF-8"?>
<!-- Generated by org.testng.reporters.JUnitReportReporter -->
<testsuite hostname="LAPTOP-0G7MNIN6" failures="0" tests="1" name="tests.PostPet" time="0.576" errors="0" timestamp="2025-04-14T15:14:07 CEST" skipped="0">
  <testcase classname="tests.PostPet" name="PostPet" time="0.576"/>
  <system-out/>
</testsuite> <!-- tests.PostPet -->
