<?xml version="1.0" encoding="UTF-8"?>
<!-- Generated by org.testng.reporters.JUnitReportReporter -->
<testsuite hostname="LAPTOP-0G7MNIN6" failures="0" tests="4" name="tests.NewExpenseTests" time="180.535" errors="0" timestamp="2025-04-14T13:48:43 CEST" skipped="0">
  <testcase classname="tests.NewExpenseTests" name="UpdateExpenseTest" time="41.857"/>
  <testcase classname="tests.NewExpenseTests" name="AddMultipleExpenseTest" time="45.869"/>
  <testcase classname="tests.NewExpenseTests" name="AddNewExpenseTest" time="54.124"/>
  <testcase classname="tests.NewExpenseTests" name="DeleteExpenseTest" time="38.685"/>
</testsuite> <!-- tests.NewExpenseTests -->
