<?xml version="1.0" encoding="UTF-8"?>
<!-- Generated by org.testng.reporters.JUnitReportReporter -->
<testsuite hostname="LAPTOP-0G7MNIN6" failures="0" tests="4" name="tests.NewIncomeTests" time="131.469" errors="0" timestamp="2025-04-14T13:48:43 CEST" skipped="0">
  <testcase classname="tests.NewIncomeTests" name="AddNewIncomeTest" time="22.026"/>
  <testcase classname="tests.NewIncomeTests" name="UpdateIncomeTest" time="39.741"/>
  <testcase classname="tests.NewIncomeTests" name="DeleteIncomeTest" time="31.955"/>
  <testcase classname="tests.NewIncomeTests" name="AddMultipleIncomeTest" time="37.747"/>
</testsuite> <!-- tests.NewIncomeTests -->
