<?xml version="1.0" encoding="UTF-8"?>
<!-- Generated by org.testng.reporters.JUnitReportReporter -->
<testsuite hostname="LAPTOP-0G7MNIN6" failures="0" tests="1" name="tests.DashboardTests" time="71.831" errors="0" timestamp="2025-04-14T13:48:43 CEST" skipped="0">
  <testcase classname="tests.DashboardTests" name="iconExpenseTest" time="71.831"/>
</testsuite> <!-- tests.DashboardTests -->
